  spline.cpp
C:\Program Files (x86)\Microsoft Visual Studio 14.0\VC\include\GL/glui.h(852): warning C4244: 'argument': conversion from 'double' to 'GLfloat', possible loss of data
spline.cpp(178): warning C4244: 'initializing': conversion from 'int' to 'float', possible loss of data
spline.cpp(180): warning C4244: 'argument': conversion from 'int' to 'float', possible loss of data
  Generating code
  1 of 441 functions ( 0.2%) were compiled, the rest were copied from previous compilation.
    0 functions were new in current compilation
    2 functions had inline decision re-evaluated but remain unchanged
  Finished generating code
glui32.lib(algebra3.obj) : warning LNK4099: PDB 'GLUI.pdb' was not found with 'glui32.lib(algebra3.obj)' or at 'H:\Graphics\projects\Graphics\Release\GLUI.pdb'; linking object as if no debug info
glui32.lib(arcball.obj) : warning LNK4099: PDB 'GLUI.pdb' was not found with 'glui32.lib(arcball.obj)' or at 'H:\Graphics\projects\Graphics\Release\GLUI.pdb'; linking object as if no debug info
glui32.lib(glui.obj) : warning LNK4099: PDB 'GLUI.pdb' was not found with 'glui32.lib(glui.obj)' or at 'H:\Graphics\projects\Graphics\Release\GLUI.pdb'; linking object as if no debug info
glui32.lib(glui_add_controls.obj) : warning LNK4099: PDB 'GLUI.pdb' was not found with 'glui32.lib(glui_add_controls.obj)' or at 'H:\Graphics\projects\Graphics\Release\GLUI.pdb'; linking object as if no debug info
glui32.lib(glui_bitmaps.obj) : warning LNK4099: PDB 'GLUI.pdb' was not found with 'glui32.lib(glui_bitmaps.obj)' or at 'H:\Graphics\projects\Graphics\Release\GLUI.pdb'; linking object as if no debug info
glui32.lib(glui_button.obj) : warning LNK4099: PDB 'GLUI.pdb' was not found with 'glui32.lib(glui_button.obj)' or at 'H:\Graphics\projects\Graphics\Release\GLUI.pdb'; linking object as if no debug info
glui32.lib(glui_checkbox.obj) : warning LNK4099: PDB 'GLUI.pdb' was not found with 'glui32.lib(glui_checkbox.obj)' or at 'H:\Graphics\projects\Graphics\Release\GLUI.pdb'; linking object as if no debug info
glui32.lib(glui_column.obj) : warning LNK4099: PDB 'GLUI.pdb' was not found with 'glui32.lib(glui_column.obj)' or at 'H:\Graphics\projects\Graphics\Release\GLUI.pdb'; linking object as if no debug info
glui32.lib(glui_control.obj) : warning LNK4099: PDB 'GLUI.pdb' was not found with 'glui32.lib(glui_control.obj)' or at 'H:\Graphics\projects\Graphics\Release\GLUI.pdb'; linking object as if no debug info
glui32.lib(glui_edittext.obj) : warning LNK4099: PDB 'GLUI.pdb' was not found with 'glui32.lib(glui_edittext.obj)' or at 'H:\Graphics\projects\Graphics\Release\GLUI.pdb'; linking object as if no debug info
glui32.lib(glui_listbox.obj) : warning LNK4099: PDB 'GLUI.pdb' was not found with 'glui32.lib(glui_listbox.obj)' or at 'H:\Graphics\projects\Graphics\Release\GLUI.pdb'; linking object as if no debug info
glui32.lib(glui_mouse_iaction.obj) : warning LNK4099: PDB 'GLUI.pdb' was not found with 'glui32.lib(glui_mouse_iaction.obj)' or at 'H:\Graphics\projects\Graphics\Release\GLUI.pdb'; linking object as if no debug info
glui32.lib(glui_node.obj) : warning LNK4099: PDB 'GLUI.pdb' was not found with 'glui32.lib(glui_node.obj)' or at 'H:\Graphics\projects\Graphics\Release\GLUI.pdb'; linking object as if no debug info
glui32.lib(glui_panel.obj) : warning LNK4099: PDB 'GLUI.pdb' was not found with 'glui32.lib(glui_panel.obj)' or at 'H:\Graphics\projects\Graphics\Release\GLUI.pdb'; linking object as if no debug info
glui32.lib(glui_radio.obj) : warning LNK4099: PDB 'GLUI.pdb' was not found with 'glui32.lib(glui_radio.obj)' or at 'H:\Graphics\projects\Graphics\Release\GLUI.pdb'; linking object as if no debug info
glui32.lib(glui_rollout.obj) : warning LNK4099: PDB 'GLUI.pdb' was not found with 'glui32.lib(glui_rollout.obj)' or at 'H:\Graphics\projects\Graphics\Release\GLUI.pdb'; linking object as if no debug info
glui32.lib(glui_rotation.obj) : warning LNK4099: PDB 'GLUI.pdb' was not found with 'glui32.lib(glui_rotation.obj)' or at 'H:\Graphics\projects\Graphics\Release\GLUI.pdb'; linking object as if no debug info
glui32.lib(glui_separator.obj) : warning LNK4099: PDB 'GLUI.pdb' was not found with 'glui32.lib(glui_separator.obj)' or at 'H:\Graphics\projects\Graphics\Release\GLUI.pdb'; linking object as if no debug info
glui32.lib(glui_spinner.obj) : warning LNK4099: PDB 'GLUI.pdb' was not found with 'glui32.lib(glui_spinner.obj)' or at 'H:\Graphics\projects\Graphics\Release\GLUI.pdb'; linking object as if no debug info
glui32.lib(glui_statictext.obj) : warning LNK4099: PDB 'GLUI.pdb' was not found with 'glui32.lib(glui_statictext.obj)' or at 'H:\Graphics\projects\Graphics\Release\GLUI.pdb'; linking object as if no debug info
glui32.lib(glui_translation.obj) : warning LNK4099: PDB 'GLUI.pdb' was not found with 'glui32.lib(glui_translation.obj)' or at 'H:\Graphics\projects\Graphics\Release\GLUI.pdb'; linking object as if no debug info
glui32.lib(glui_window.obj) : warning LNK4099: PDB 'GLUI.pdb' was not found with 'glui32.lib(glui_window.obj)' or at 'H:\Graphics\projects\Graphics\Release\GLUI.pdb'; linking object as if no debug info
glui32.lib(quaternion.obj) : warning LNK4099: PDB 'GLUI.pdb' was not found with 'glui32.lib(quaternion.obj)' or at 'H:\Graphics\projects\Graphics\Release\GLUI.pdb'; linking object as if no debug info
  Lab5.vcxproj -> H:\Graphics\projects\Graphics\Release\Lab5.exe
  Lab5.vcxproj -> H:\Graphics\projects\Graphics\Release\Lab5.pdb (Full PDB)
