  main.cpp
c:\program files (x86)\microsoft visual studio 14.0\vc\include\gl\glui.h(852): warning C4244: 'argument': conversion from 'double' to 'GLfloat', possible loss of data
h:\graphics\projects\graphics\lab5\main.cpp(147): warning C4244: 'argument': conversion from 'int' to 'GLfloat', possible loss of data
h:\graphics\projects\graphics\lab5\main.cpp(152): warning C4244: 'argument': conversion from 'int' to 'GLfloat', possible loss of data
h:\graphics\projects\graphics\lab5\main.cpp(153): warning C4244: 'argument': conversion from 'int' to 'GLfloat', possible loss of data
h:\graphics\projects\graphics\lab5\main.cpp(159): warning C4244: 'argument': conversion from 'int' to 'GLfloat', possible loss of data
h:\graphics\projects\graphics\lab5\main.cpp(160): warning C4244: 'argument': conversion from 'int' to 'GLfloat', possible loss of data
h:\graphics\projects\graphics\lab5\main.cpp(171): warning C4305: 'initializing': truncation from 'double' to 'float'
h:\graphics\projects\graphics\lab5\main.cpp(191): warning C4244: 'argument': conversion from 'double' to 'GLfloat', possible loss of data
h:\graphics\projects\graphics\lab5\main.cpp(361): warning C4305: 'argument': truncation from 'double' to 'float'
h:\graphics\projects\graphics\lab5\main.cpp(364): warning C4305: 'argument': truncation from 'double' to 'float'
h:\graphics\projects\graphics\lab5\main.cpp(367): warning C4305: 'argument': truncation from 'double' to 'float'
glui32.lib(glui.obj) : error LNK2038: mismatch detected for '_ITERATOR_DEBUG_LEVEL': value '0' doesn't match value '2' in main.obj
glui32.lib(glui.obj) : error LNK2038: mismatch detected for 'RuntimeLibrary': value 'MD_DynamicRelease' doesn't match value 'MDd_DynamicDebug' in main.obj
glui32.lib(glui_button.obj) : error LNK2038: mismatch detected for '_ITERATOR_DEBUG_LEVEL': value '0' doesn't match value '2' in main.obj
glui32.lib(glui_button.obj) : error LNK2038: mismatch detected for 'RuntimeLibrary': value 'MD_DynamicRelease' doesn't match value 'MDd_DynamicDebug' in main.obj
glui32.lib(glui_checkbox.obj) : error LNK2038: mismatch detected for '_ITERATOR_DEBUG_LEVEL': value '0' doesn't match value '2' in main.obj
glui32.lib(glui_checkbox.obj) : error LNK2038: mismatch detected for 'RuntimeLibrary': value 'MD_DynamicRelease' doesn't match value 'MDd_DynamicDebug' in main.obj
glui32.lib(glui_column.obj) : error LNK2038: mismatch detected for '_ITERATOR_DEBUG_LEVEL': value '0' doesn't match value '2' in main.obj
glui32.lib(glui_column.obj) : error LNK2038: mismatch detected for 'RuntimeLibrary': value 'MD_DynamicRelease' doesn't match value 'MDd_DynamicDebug' in main.obj
glui32.lib(glui_add_controls.obj) : error LNK2038: mismatch detected for '_ITERATOR_DEBUG_LEVEL': value '0' doesn't match value '2' in main.obj
glui32.lib(glui_add_controls.obj) : error LNK2038: mismatch detected for 'RuntimeLibrary': value 'MD_DynamicRelease' doesn't match value 'MDd_DynamicDebug' in main.obj
glui32.lib(glui_spinner.obj) : error LNK2038: mismatch detected for '_ITERATOR_DEBUG_LEVEL': value '0' doesn't match value '2' in main.obj
glui32.lib(glui_spinner.obj) : error LNK2038: mismatch detected for 'RuntimeLibrary': value 'MD_DynamicRelease' doesn't match value 'MDd_DynamicDebug' in main.obj
glui32.lib(glui_rotation.obj) : error LNK2038: mismatch detected for '_ITERATOR_DEBUG_LEVEL': value '0' doesn't match value '2' in main.obj
glui32.lib(glui_rotation.obj) : error LNK2038: mismatch detected for 'RuntimeLibrary': value 'MD_DynamicRelease' doesn't match value 'MDd_DynamicDebug' in main.obj
glui32.lib(glui_translation.obj) : error LNK2038: mismatch detected for '_ITERATOR_DEBUG_LEVEL': value '0' doesn't match value '2' in main.obj
glui32.lib(glui_translation.obj) : error LNK2038: mismatch detected for 'RuntimeLibrary': value 'MD_DynamicRelease' doesn't match value 'MDd_DynamicDebug' in main.obj
glui32.lib(glui_node.obj) : error LNK2038: mismatch detected for '_ITERATOR_DEBUG_LEVEL': value '0' doesn't match value '2' in main.obj
glui32.lib(glui_node.obj) : error LNK2038: mismatch detected for 'RuntimeLibrary': value 'MD_DynamicRelease' doesn't match value 'MDd_DynamicDebug' in main.obj
glui32.lib(glui_bitmaps.obj) : error LNK2038: mismatch detected for '_ITERATOR_DEBUG_LEVEL': value '0' doesn't match value '2' in main.obj
glui32.lib(glui_bitmaps.obj) : error LNK2038: mismatch detected for 'RuntimeLibrary': value 'MD_DynamicRelease' doesn't match value 'MDd_DynamicDebug' in main.obj
glui32.lib(glui_window.obj) : error LNK2038: mismatch detected for '_ITERATOR_DEBUG_LEVEL': value '0' doesn't match value '2' in main.obj
glui32.lib(glui_window.obj) : error LNK2038: mismatch detected for 'RuntimeLibrary': value 'MD_DynamicRelease' doesn't match value 'MDd_DynamicDebug' in main.obj
glui32.lib(glui_control.obj) : error LNK2038: mismatch detected for '_ITERATOR_DEBUG_LEVEL': value '0' doesn't match value '2' in main.obj
glui32.lib(glui_control.obj) : error LNK2038: mismatch detected for 'RuntimeLibrary': value 'MD_DynamicRelease' doesn't match value 'MDd_DynamicDebug' in main.obj
glui32.lib(glui_panel.obj) : error LNK2038: mismatch detected for '_ITERATOR_DEBUG_LEVEL': value '0' doesn't match value '2' in main.obj
glui32.lib(glui_panel.obj) : error LNK2038: mismatch detected for 'RuntimeLibrary': value 'MD_DynamicRelease' doesn't match value 'MDd_DynamicDebug' in main.obj
glui32.lib(glui_rollout.obj) : error LNK2038: mismatch detected for '_ITERATOR_DEBUG_LEVEL': value '0' doesn't match value '2' in main.obj
glui32.lib(glui_rollout.obj) : error LNK2038: mismatch detected for 'RuntimeLibrary': value 'MD_DynamicRelease' doesn't match value 'MDd_DynamicDebug' in main.obj
glui32.lib(glui_edittext.obj) : error LNK2038: mismatch detected for '_ITERATOR_DEBUG_LEVEL': value '0' doesn't match value '2' in main.obj
glui32.lib(glui_edittext.obj) : error LNK2038: mismatch detected for 'RuntimeLibrary': value 'MD_DynamicRelease' doesn't match value 'MDd_DynamicDebug' in main.obj
glui32.lib(glui_radio.obj) : error LNK2038: mismatch detected for '_ITERATOR_DEBUG_LEVEL': value '0' doesn't match value '2' in main.obj
glui32.lib(glui_radio.obj) : error LNK2038: mismatch detected for 'RuntimeLibrary': value 'MD_DynamicRelease' doesn't match value 'MDd_DynamicDebug' in main.obj
glui32.lib(glui_separator.obj) : error LNK2038: mismatch detected for '_ITERATOR_DEBUG_LEVEL': value '0' doesn't match value '2' in main.obj
glui32.lib(glui_separator.obj) : error LNK2038: mismatch detected for 'RuntimeLibrary': value 'MD_DynamicRelease' doesn't match value 'MDd_DynamicDebug' in main.obj
glui32.lib(glui_statictext.obj) : error LNK2038: mismatch detected for '_ITERATOR_DEBUG_LEVEL': value '0' doesn't match value '2' in main.obj
glui32.lib(glui_statictext.obj) : error LNK2038: mismatch detected for 'RuntimeLibrary': value 'MD_DynamicRelease' doesn't match value 'MDd_DynamicDebug' in main.obj
glui32.lib(glui_listbox.obj) : error LNK2038: mismatch detected for '_ITERATOR_DEBUG_LEVEL': value '0' doesn't match value '2' in main.obj
glui32.lib(glui_listbox.obj) : error LNK2038: mismatch detected for 'RuntimeLibrary': value 'MD_DynamicRelease' doesn't match value 'MDd_DynamicDebug' in main.obj
glui32.lib(glui_mouse_iaction.obj) : error LNK2038: mismatch detected for '_ITERATOR_DEBUG_LEVEL': value '0' doesn't match value '2' in main.obj
glui32.lib(glui_mouse_iaction.obj) : error LNK2038: mismatch detected for 'RuntimeLibrary': value 'MD_DynamicRelease' doesn't match value 'MDd_DynamicDebug' in main.obj
glui32.lib(algebra3.obj) : error LNK2038: mismatch detected for '_ITERATOR_DEBUG_LEVEL': value '0' doesn't match value '2' in main.obj
glui32.lib(algebra3.obj) : error LNK2038: mismatch detected for 'RuntimeLibrary': value 'MD_DynamicRelease' doesn't match value 'MDd_DynamicDebug' in main.obj
glui32.lib(arcball.obj) : error LNK2038: mismatch detected for '_ITERATOR_DEBUG_LEVEL': value '0' doesn't match value '2' in main.obj
glui32.lib(arcball.obj) : error LNK2038: mismatch detected for 'RuntimeLibrary': value 'MD_DynamicRelease' doesn't match value 'MDd_DynamicDebug' in main.obj
glui32.lib(quaternion.obj) : error LNK2038: mismatch detected for '_ITERATOR_DEBUG_LEVEL': value '0' doesn't match value '2' in main.obj
glui32.lib(quaternion.obj) : error LNK2038: mismatch detected for 'RuntimeLibrary': value 'MD_DynamicRelease' doesn't match value 'MDd_DynamicDebug' in main.obj
LINK : warning LNK4098: defaultlib 'MSVCRT' conflicts with use of other libs; use /NODEFAULTLIB:library
H:\Graphics\projects\Graphics\Debug\Lab5.exe : fatal error LNK1319: 46 mismatches detected
