  Assignment2.cpp
C:\Program Files (x86)\Microsoft Visual Studio 14.0\VC\include\GL/glui.h(852): warning C4244: 'argument': conversion from 'double' to 'GLfloat', possible loss of data
h:\graphics\projects\graphics\pa2\Cylinder.h(45): warning C4244: 'initializing': conversion from 'double' to 'float', possible loss of data
h:\graphics\projects\graphics\pa2\Cylinder.h(46): warning C4244: 'initializing': conversion from 'double' to 'float', possible loss of data
h:\graphics\projects\graphics\pa2\Cylinder.h(79): warning C4244: 'initializing': conversion from 'double' to 'float', possible loss of data
h:\graphics\projects\graphics\pa2\Cylinder.h(100): warning C4244: 'initializing': conversion from 'double' to 'float', possible loss of data
h:\graphics\projects\graphics\pa2\Cylinder.h(101): warning C4244: 'initializing': conversion from 'double' to 'float', possible loss of data
h:\graphics\projects\graphics\pa2\Cylinder.h(109): warning C4244: 'argument': conversion from 'double' to 'GLfloat', possible loss of data
h:\graphics\projects\graphics\pa2\Cylinder.h(110): warning C4244: 'argument': conversion from 'double' to 'GLfloat', possible loss of data
h:\graphics\projects\graphics\pa2\Cylinder.h(111): warning C4244: 'argument': conversion from 'double' to 'GLfloat', possible loss of data
h:\graphics\projects\graphics\pa2\Cylinder.h(113): warning C4244: 'argument': conversion from 'double' to 'GLfloat', possible loss of data
h:\graphics\projects\graphics\pa2\Cylinder.h(114): warning C4244: 'argument': conversion from 'double' to 'GLfloat', possible loss of data
h:\graphics\projects\graphics\pa2\Cylinder.h(115): warning C4244: 'argument': conversion from 'double' to 'GLfloat', possible loss of data
h:\graphics\projects\graphics\pa2\Cone.h(37): warning C4244: 'initializing': conversion from 'double' to 'float', possible loss of data
h:\graphics\projects\graphics\pa2\Cone.h(38): warning C4244: 'initializing': conversion from 'double' to 'float', possible loss of data
h:\graphics\projects\graphics\pa2\Cone.h(41): warning C4244: 'initializing': conversion from 'double' to 'float', possible loss of data
h:\graphics\projects\graphics\pa2\Cone.h(84): warning C4244: 'initializing': conversion from 'double' to 'float', possible loss of data
h:\graphics\projects\graphics\pa2\Cone.h(105): warning C4244: 'initializing': conversion from 'double' to 'float', possible loss of data
h:\graphics\projects\graphics\pa2\Cone.h(106): warning C4244: 'initializing': conversion from 'double' to 'float', possible loss of data
h:\graphics\projects\graphics\pa2\Cone.h(109): warning C4244: 'initializing': conversion from 'double' to 'float', possible loss of data
h:\graphics\projects\graphics\pa2\Sphere.h(27): warning C4305: 'initializing': truncation from 'double' to 'float'
h:\graphics\projects\graphics\pa2\Sphere.h(29): warning C4244: 'initializing': conversion from 'double' to 'float', possible loss of data
h:\graphics\projects\graphics\pa2\Sphere.h(30): warning C4244: 'initializing': conversion from 'double' to 'float', possible loss of data
h:\graphics\projects\graphics\pa2\Sphere.h(77): warning C4305: 'initializing': truncation from 'double' to 'float'
h:\graphics\projects\graphics\pa2\Sphere.h(79): warning C4244: 'initializing': conversion from 'double' to 'float', possible loss of data
h:\graphics\projects\graphics\pa2\Sphere.h(80): warning C4244: 'initializing': conversion from 'double' to 'float', possible loss of data
h:\graphics\projects\graphics\pa2\Sphere.h(102): warning C4244: 'argument': conversion from 'double' to 'GLfloat', possible loss of data
h:\graphics\projects\graphics\pa2\Sphere.h(103): warning C4244: 'argument': conversion from 'double' to 'GLfloat', possible loss of data
h:\graphics\projects\graphics\pa2\Sphere.h(104): warning C4244: 'argument': conversion from 'double' to 'GLfloat', possible loss of data
h:\graphics\projects\graphics\pa2\Sphere.h(106): warning C4244: 'argument': conversion from 'double' to 'GLfloat', possible loss of data
h:\graphics\projects\graphics\pa2\Sphere.h(107): warning C4244: 'argument': conversion from 'double' to 'GLfloat', possible loss of data
h:\graphics\projects\graphics\pa2\Sphere.h(108): warning C4244: 'argument': conversion from 'double' to 'GLfloat', possible loss of data
Assignment2.cpp(41): warning C4305: 'initializing': truncation from 'double' to 'float'
Assignment2.cpp(137): warning C4244: 'argument': conversion from 'int' to 'GLfloat', possible loss of data
Assignment2.cpp(138): warning C4244: 'argument': conversion from 'int' to 'GLfloat', possible loss of data
Assignment2.cpp(139): warning C4244: 'argument': conversion from 'int' to 'GLfloat', possible loss of data
Assignment2.cpp(153): warning C4244: 'argument': conversion from 'double' to 'GLfloat', possible loss of data
Assignment2.cpp(216): warning C4305: 'argument': truncation from 'double' to 'GLclampf'
  Camera.cpp
  Generating code
  All 514 functions were compiled because no usable IPDB/IOBJ from previous compilation was found.
  Finished generating code
glui32.lib(algebra3.obj) : warning LNK4099: PDB 'GLUI.pdb' was not found with 'glui32.lib(algebra3.obj)' or at 'H:\Graphics\projects\Graphics\Release\GLUI.pdb'; linking object as if no debug info
glui32.lib(arcball.obj) : warning LNK4099: PDB 'GLUI.pdb' was not found with 'glui32.lib(arcball.obj)' or at 'H:\Graphics\projects\Graphics\Release\GLUI.pdb'; linking object as if no debug info
glui32.lib(glui.obj) : warning LNK4099: PDB 'GLUI.pdb' was not found with 'glui32.lib(glui.obj)' or at 'H:\Graphics\projects\Graphics\Release\GLUI.pdb'; linking object as if no debug info
glui32.lib(glui_add_controls.obj) : warning LNK4099: PDB 'GLUI.pdb' was not found with 'glui32.lib(glui_add_controls.obj)' or at 'H:\Graphics\projects\Graphics\Release\GLUI.pdb'; linking object as if no debug info
glui32.lib(glui_bitmaps.obj) : warning LNK4099: PDB 'GLUI.pdb' was not found with 'glui32.lib(glui_bitmaps.obj)' or at 'H:\Graphics\projects\Graphics\Release\GLUI.pdb'; linking object as if no debug info
glui32.lib(glui_button.obj) : warning LNK4099: PDB 'GLUI.pdb' was not found with 'glui32.lib(glui_button.obj)' or at 'H:\Graphics\projects\Graphics\Release\GLUI.pdb'; linking object as if no debug info
glui32.lib(glui_checkbox.obj) : warning LNK4099: PDB 'GLUI.pdb' was not found with 'glui32.lib(glui_checkbox.obj)' or at 'H:\Graphics\projects\Graphics\Release\GLUI.pdb'; linking object as if no debug info
glui32.lib(glui_column.obj) : warning LNK4099: PDB 'GLUI.pdb' was not found with 'glui32.lib(glui_column.obj)' or at 'H:\Graphics\projects\Graphics\Release\GLUI.pdb'; linking object as if no debug info
glui32.lib(glui_control.obj) : warning LNK4099: PDB 'GLUI.pdb' was not found with 'glui32.lib(glui_control.obj)' or at 'H:\Graphics\projects\Graphics\Release\GLUI.pdb'; linking object as if no debug info
glui32.lib(glui_edittext.obj) : warning LNK4099: PDB 'GLUI.pdb' was not found with 'glui32.lib(glui_edittext.obj)' or at 'H:\Graphics\projects\Graphics\Release\GLUI.pdb'; linking object as if no debug info
glui32.lib(glui_listbox.obj) : warning LNK4099: PDB 'GLUI.pdb' was not found with 'glui32.lib(glui_listbox.obj)' or at 'H:\Graphics\projects\Graphics\Release\GLUI.pdb'; linking object as if no debug info
glui32.lib(glui_mouse_iaction.obj) : warning LNK4099: PDB 'GLUI.pdb' was not found with 'glui32.lib(glui_mouse_iaction.obj)' or at 'H:\Graphics\projects\Graphics\Release\GLUI.pdb'; linking object as if no debug info
glui32.lib(glui_node.obj) : warning LNK4099: PDB 'GLUI.pdb' was not found with 'glui32.lib(glui_node.obj)' or at 'H:\Graphics\projects\Graphics\Release\GLUI.pdb'; linking object as if no debug info
glui32.lib(glui_panel.obj) : warning LNK4099: PDB 'GLUI.pdb' was not found with 'glui32.lib(glui_panel.obj)' or at 'H:\Graphics\projects\Graphics\Release\GLUI.pdb'; linking object as if no debug info
glui32.lib(glui_radio.obj) : warning LNK4099: PDB 'GLUI.pdb' was not found with 'glui32.lib(glui_radio.obj)' or at 'H:\Graphics\projects\Graphics\Release\GLUI.pdb'; linking object as if no debug info
glui32.lib(glui_rollout.obj) : warning LNK4099: PDB 'GLUI.pdb' was not found with 'glui32.lib(glui_rollout.obj)' or at 'H:\Graphics\projects\Graphics\Release\GLUI.pdb'; linking object as if no debug info
glui32.lib(glui_rotation.obj) : warning LNK4099: PDB 'GLUI.pdb' was not found with 'glui32.lib(glui_rotation.obj)' or at 'H:\Graphics\projects\Graphics\Release\GLUI.pdb'; linking object as if no debug info
glui32.lib(glui_separator.obj) : warning LNK4099: PDB 'GLUI.pdb' was not found with 'glui32.lib(glui_separator.obj)' or at 'H:\Graphics\projects\Graphics\Release\GLUI.pdb'; linking object as if no debug info
glui32.lib(glui_spinner.obj) : warning LNK4099: PDB 'GLUI.pdb' was not found with 'glui32.lib(glui_spinner.obj)' or at 'H:\Graphics\projects\Graphics\Release\GLUI.pdb'; linking object as if no debug info
glui32.lib(glui_statictext.obj) : warning LNK4099: PDB 'GLUI.pdb' was not found with 'glui32.lib(glui_statictext.obj)' or at 'H:\Graphics\projects\Graphics\Release\GLUI.pdb'; linking object as if no debug info
glui32.lib(glui_translation.obj) : warning LNK4099: PDB 'GLUI.pdb' was not found with 'glui32.lib(glui_translation.obj)' or at 'H:\Graphics\projects\Graphics\Release\GLUI.pdb'; linking object as if no debug info
glui32.lib(glui_window.obj) : warning LNK4099: PDB 'GLUI.pdb' was not found with 'glui32.lib(glui_window.obj)' or at 'H:\Graphics\projects\Graphics\Release\GLUI.pdb'; linking object as if no debug info
glui32.lib(quaternion.obj) : warning LNK4099: PDB 'GLUI.pdb' was not found with 'glui32.lib(quaternion.obj)' or at 'H:\Graphics\projects\Graphics\Release\GLUI.pdb'; linking object as if no debug info
  PA2.vcxproj -> H:\Graphics\projects\Graphics\Release\PA2.exe
  PA2.vcxproj -> H:\Graphics\projects\Graphics\Release\PA2.pdb (Full PDB)
