  ply.cpp
c:\program files (x86)\microsoft visual studio 14.0\vc\include\gl\glui.h(852): warning C4244: 'argument': conversion from 'double' to 'GLfloat', possible loss of data
h:\graphics\projects\graphics\lab2\ply.cpp(135): warning C4244: '=': conversion from 'double' to 'float', possible loss of data
h:\graphics\projects\graphics\lab2\ply.cpp(139): warning C4244: '=': conversion from 'double' to 'float', possible loss of data
h:\graphics\projects\graphics\lab2\ply.cpp(143): warning C4244: '=': conversion from 'double' to 'float', possible loss of data
h:\graphics\projects\graphics\lab2\ply.cpp(147): warning C4244: '=': conversion from 'double' to 'float', possible loss of data
h:\graphics\projects\graphics\lab2\ply.cpp(151): warning C4244: '=': conversion from 'double' to 'float', possible loss of data
h:\graphics\projects\graphics\lab2\ply.cpp(155): warning C4244: '=': conversion from 'double' to 'float', possible loss of data
h:\graphics\projects\graphics\lab2\ply.cpp(159): warning C4244: '=': conversion from 'double' to 'float', possible loss of data
h:\graphics\projects\graphics\lab2\ply.cpp(163): warning C4244: '=': conversion from 'double' to 'float', possible loss of data
  main.cpp
c:\program files (x86)\microsoft visual studio 14.0\vc\include\gl\glui.h(852): warning C4244: 'argument': conversion from 'double' to 'GLfloat', possible loss of data
h:\graphics\projects\graphics\lab2\main.cpp(147): warning C4305: '+=': truncation from 'double' to 'float'
h:\graphics\projects\graphics\lab2\main.cpp(150): warning C4305: '-=': truncation from 'double' to 'float'
h:\graphics\projects\graphics\lab2\main.cpp(153): warning C4305: '+=': truncation from 'double' to 'float'
h:\graphics\projects\graphics\lab2\main.cpp(156): warning C4305: '-=': truncation from 'double' to 'float'
h:\graphics\projects\graphics\lab2\main.cpp(183): warning C4305: '-=': truncation from 'double' to 'float'
h:\graphics\projects\graphics\lab2\main.cpp(186): warning C4305: '+=': truncation from 'double' to 'float'
h:\graphics\projects\graphics\lab2\main.cpp(189): warning C4305: '+=': truncation from 'double' to 'float'
h:\graphics\projects\graphics\lab2\main.cpp(192): warning C4305: '-=': truncation from 'double' to 'float'
h:\graphics\projects\graphics\lab2\main.cpp(195): warning C4305: '+=': truncation from 'double' to 'float'
h:\graphics\projects\graphics\lab2\main.cpp(198): warning C4305: '-=': truncation from 'double' to 'float'
h:\graphics\projects\graphics\lab2\main.cpp(287): warning C4244: 'initializing': conversion from 'double' to 'float', possible loss of data
h:\graphics\projects\graphics\lab2\main.cpp(288): warning C4244: '=': conversion from 'double' to 'float', possible loss of data
h:\graphics\projects\graphics\lab2\main.cpp(406): warning C4305: 'argument': truncation from 'double' to 'GLclampf'
h:\graphics\projects\graphics\lab2\main.cpp(513): warning C4305: 'argument': truncation from 'double' to 'float'
h:\graphics\projects\graphics\lab2\main.cpp(516): warning C4305: 'argument': truncation from 'double' to 'float'
h:\graphics\projects\graphics\lab2\main.cpp(519): warning C4305: 'argument': truncation from 'double' to 'float'
h:\graphics\projects\graphics\lab2\main.cpp(522): warning C4305: 'argument': truncation from 'double' to 'float'
h:\graphics\projects\graphics\lab2\main.cpp(525): warning C4305: 'argument': truncation from 'double' to 'float'
  entity.cpp
  Generating Code...
glui32.lib(glui.obj) : error LNK2038: mismatch detected for '_ITERATOR_DEBUG_LEVEL': value '0' doesn't match value '2' in main.obj
glui32.lib(glui.obj) : error LNK2038: mismatch detected for 'RuntimeLibrary': value 'MD_DynamicRelease' doesn't match value 'MDd_DynamicDebug' in main.obj
glui32.lib(glui_control.obj) : error LNK2038: mismatch detected for '_ITERATOR_DEBUG_LEVEL': value '0' doesn't match value '2' in main.obj
glui32.lib(glui_control.obj) : error LNK2038: mismatch detected for 'RuntimeLibrary': value 'MD_DynamicRelease' doesn't match value 'MDd_DynamicDebug' in main.obj
glui32.lib(glui_button.obj) : error LNK2038: mismatch detected for '_ITERATOR_DEBUG_LEVEL': value '0' doesn't match value '2' in main.obj
glui32.lib(glui_button.obj) : error LNK2038: mismatch detected for 'RuntimeLibrary': value 'MD_DynamicRelease' doesn't match value 'MDd_DynamicDebug' in main.obj
glui32.lib(glui_checkbox.obj) : error LNK2038: mismatch detected for '_ITERATOR_DEBUG_LEVEL': value '0' doesn't match value '2' in main.obj
glui32.lib(glui_checkbox.obj) : error LNK2038: mismatch detected for 'RuntimeLibrary': value 'MD_DynamicRelease' doesn't match value 'MDd_DynamicDebug' in main.obj
glui32.lib(glui_column.obj) : error LNK2038: mismatch detected for '_ITERATOR_DEBUG_LEVEL': value '0' doesn't match value '2' in main.obj
glui32.lib(glui_column.obj) : error LNK2038: mismatch detected for 'RuntimeLibrary': value 'MD_DynamicRelease' doesn't match value 'MDd_DynamicDebug' in main.obj
glui32.lib(glui_panel.obj) : error LNK2038: mismatch detected for '_ITERATOR_DEBUG_LEVEL': value '0' doesn't match value '2' in main.obj
glui32.lib(glui_panel.obj) : error LNK2038: mismatch detected for 'RuntimeLibrary': value 'MD_DynamicRelease' doesn't match value 'MDd_DynamicDebug' in main.obj
glui32.lib(glui_filebrowser.obj) : error LNK2038: mismatch detected for '_ITERATOR_DEBUG_LEVEL': value '0' doesn't match value '2' in main.obj
glui32.lib(glui_filebrowser.obj) : error LNK2038: mismatch detected for 'RuntimeLibrary': value 'MD_DynamicRelease' doesn't match value 'MDd_DynamicDebug' in main.obj
glui32.lib(glui_rollout.obj) : error LNK2038: mismatch detected for '_ITERATOR_DEBUG_LEVEL': value '0' doesn't match value '2' in main.obj
glui32.lib(glui_rollout.obj) : error LNK2038: mismatch detected for 'RuntimeLibrary': value 'MD_DynamicRelease' doesn't match value 'MDd_DynamicDebug' in main.obj
glui32.lib(glui_spinner.obj) : error LNK2038: mismatch detected for '_ITERATOR_DEBUG_LEVEL': value '0' doesn't match value '2' in main.obj
glui32.lib(glui_spinner.obj) : error LNK2038: mismatch detected for 'RuntimeLibrary': value 'MD_DynamicRelease' doesn't match value 'MDd_DynamicDebug' in main.obj
glui32.lib(glui_statictext.obj) : error LNK2038: mismatch detected for '_ITERATOR_DEBUG_LEVEL': value '0' doesn't match value '2' in main.obj
glui32.lib(glui_statictext.obj) : error LNK2038: mismatch detected for 'RuntimeLibrary': value 'MD_DynamicRelease' doesn't match value 'MDd_DynamicDebug' in main.obj
glui32.lib(glui_scrollbar.obj) : error LNK2038: mismatch detected for '_ITERATOR_DEBUG_LEVEL': value '0' doesn't match value '2' in main.obj
glui32.lib(glui_scrollbar.obj) : error LNK2038: mismatch detected for 'RuntimeLibrary': value 'MD_DynamicRelease' doesn't match value 'MDd_DynamicDebug' in main.obj
glui32.lib(glui_rotation.obj) : error LNK2038: mismatch detected for '_ITERATOR_DEBUG_LEVEL': value '0' doesn't match value '2' in main.obj
glui32.lib(glui_rotation.obj) : error LNK2038: mismatch detected for 'RuntimeLibrary': value 'MD_DynamicRelease' doesn't match value 'MDd_DynamicDebug' in main.obj
glui32.lib(glui_translation.obj) : error LNK2038: mismatch detected for '_ITERATOR_DEBUG_LEVEL': value '0' doesn't match value '2' in main.obj
glui32.lib(glui_translation.obj) : error LNK2038: mismatch detected for 'RuntimeLibrary': value 'MD_DynamicRelease' doesn't match value 'MDd_DynamicDebug' in main.obj
glui32.lib(glui_node.obj) : error LNK2038: mismatch detected for '_ITERATOR_DEBUG_LEVEL': value '0' doesn't match value '2' in main.obj
glui32.lib(glui_node.obj) : error LNK2038: mismatch detected for 'RuntimeLibrary': value 'MD_DynamicRelease' doesn't match value 'MDd_DynamicDebug' in main.obj
glui32.lib(glui_bitmaps.obj) : error LNK2038: mismatch detected for '_ITERATOR_DEBUG_LEVEL': value '0' doesn't match value '2' in main.obj
glui32.lib(glui_bitmaps.obj) : error LNK2038: mismatch detected for 'RuntimeLibrary': value 'MD_DynamicRelease' doesn't match value 'MDd_DynamicDebug' in main.obj
glui32.lib(glui_window.obj) : error LNK2038: mismatch detected for '_ITERATOR_DEBUG_LEVEL': value '0' doesn't match value '2' in main.obj
glui32.lib(glui_window.obj) : error LNK2038: mismatch detected for 'RuntimeLibrary': value 'MD_DynamicRelease' doesn't match value 'MDd_DynamicDebug' in main.obj
glui32.lib(glui_list.obj) : error LNK2038: mismatch detected for '_ITERATOR_DEBUG_LEVEL': value '0' doesn't match value '2' in main.obj
glui32.lib(glui_list.obj) : error LNK2038: mismatch detected for 'RuntimeLibrary': value 'MD_DynamicRelease' doesn't match value 'MDd_DynamicDebug' in main.obj
glui32.lib(glui_edittext.obj) : error LNK2038: mismatch detected for '_ITERATOR_DEBUG_LEVEL': value '0' doesn't match value '2' in main.obj
glui32.lib(glui_edittext.obj) : error LNK2038: mismatch detected for 'RuntimeLibrary': value 'MD_DynamicRelease' doesn't match value 'MDd_DynamicDebug' in main.obj
glui32.lib(glui_mouse_iaction.obj) : error LNK2038: mismatch detected for '_ITERATOR_DEBUG_LEVEL': value '0' doesn't match value '2' in main.obj
glui32.lib(glui_mouse_iaction.obj) : error LNK2038: mismatch detected for 'RuntimeLibrary': value 'MD_DynamicRelease' doesn't match value 'MDd_DynamicDebug' in main.obj
glui32.lib(algebra3.obj) : error LNK2038: mismatch detected for '_ITERATOR_DEBUG_LEVEL': value '0' doesn't match value '2' in main.obj
glui32.lib(algebra3.obj) : error LNK2038: mismatch detected for 'RuntimeLibrary': value 'MD_DynamicRelease' doesn't match value 'MDd_DynamicDebug' in main.obj
glui32.lib(arcball.obj) : error LNK2038: mismatch detected for '_ITERATOR_DEBUG_LEVEL': value '0' doesn't match value '2' in main.obj
glui32.lib(arcball.obj) : error LNK2038: mismatch detected for 'RuntimeLibrary': value 'MD_DynamicRelease' doesn't match value 'MDd_DynamicDebug' in main.obj
glui32.lib(quaternion.obj) : error LNK2038: mismatch detected for '_ITERATOR_DEBUG_LEVEL': value '0' doesn't match value '2' in main.obj
glui32.lib(quaternion.obj) : error LNK2038: mismatch detected for 'RuntimeLibrary': value 'MD_DynamicRelease' doesn't match value 'MDd_DynamicDebug' in main.obj
LINK : warning LNK4098: defaultlib 'MSVCRT' conflicts with use of other libs; use /NODEFAULTLIB:library
H:\Graphics\projects\Graphics\Debug\Lab2.exe : fatal error LNK1319: 44 mismatches detected
