  Assignment5.cpp
C:\Program Files (x86)\Microsoft Visual Studio 14.0\VC\include\GL/glui.h(852): warning C4244: 'argument': conversion from 'double' to 'GLfloat', possible loss of data
h:\graphics\projects\graphics\pa5\Cylinder.h(130): warning C4244: 'initializing': conversion from 'double' to 'float', possible loss of data
h:\graphics\projects\graphics\pa5\Cylinder.h(131): warning C4244: 'initializing': conversion from 'double' to 'float', possible loss of data
h:\graphics\projects\graphics\pa5\Cylinder.h(164): warning C4244: 'initializing': conversion from 'double' to 'float', possible loss of data
h:\graphics\projects\graphics\pa5\Cylinder.h(185): warning C4244: 'initializing': conversion from 'double' to 'float', possible loss of data
h:\graphics\projects\graphics\pa5\Cylinder.h(186): warning C4244: 'initializing': conversion from 'double' to 'float', possible loss of data
h:\graphics\projects\graphics\pa5\Cylinder.h(194): warning C4244: 'argument': conversion from 'double' to 'GLfloat', possible loss of data
h:\graphics\projects\graphics\pa5\Cylinder.h(195): warning C4244: 'argument': conversion from 'double' to 'GLfloat', possible loss of data
h:\graphics\projects\graphics\pa5\Cylinder.h(196): warning C4244: 'argument': conversion from 'double' to 'GLfloat', possible loss of data
h:\graphics\projects\graphics\pa5\Cylinder.h(198): warning C4244: 'argument': conversion from 'double' to 'GLfloat', possible loss of data
h:\graphics\projects\graphics\pa5\Cylinder.h(199): warning C4244: 'argument': conversion from 'double' to 'GLfloat', possible loss of data
h:\graphics\projects\graphics\pa5\Cylinder.h(200): warning C4244: 'argument': conversion from 'double' to 'GLfloat', possible loss of data
h:\graphics\projects\graphics\pa5\Cone.h(119): warning C4244: 'initializing': conversion from 'double' to 'float', possible loss of data
h:\graphics\projects\graphics\pa5\Cone.h(120): warning C4244: 'initializing': conversion from 'double' to 'float', possible loss of data
h:\graphics\projects\graphics\pa5\Cone.h(123): warning C4244: 'initializing': conversion from 'double' to 'float', possible loss of data
h:\graphics\projects\graphics\pa5\Cone.h(166): warning C4244: 'initializing': conversion from 'double' to 'float', possible loss of data
h:\graphics\projects\graphics\pa5\Cone.h(187): warning C4244: 'initializing': conversion from 'double' to 'float', possible loss of data
h:\graphics\projects\graphics\pa5\Cone.h(188): warning C4244: 'initializing': conversion from 'double' to 'float', possible loss of data
h:\graphics\projects\graphics\pa5\Cone.h(191): warning C4244: 'initializing': conversion from 'double' to 'float', possible loss of data
h:\graphics\projects\graphics\pa5\Sphere.h(64): warning C4305: 'initializing': truncation from 'double' to 'float'
h:\graphics\projects\graphics\pa5\Sphere.h(66): warning C4244: 'initializing': conversion from 'double' to 'float', possible loss of data
h:\graphics\projects\graphics\pa5\Sphere.h(67): warning C4244: 'initializing': conversion from 'double' to 'float', possible loss of data
h:\graphics\projects\graphics\pa5\Sphere.h(114): warning C4305: 'initializing': truncation from 'double' to 'float'
h:\graphics\projects\graphics\pa5\Sphere.h(116): warning C4244: 'initializing': conversion from 'double' to 'float', possible loss of data
h:\graphics\projects\graphics\pa5\Sphere.h(117): warning C4244: 'initializing': conversion from 'double' to 'float', possible loss of data
h:\graphics\projects\graphics\pa5\Sphere.h(139): warning C4244: 'argument': conversion from 'double' to 'GLfloat', possible loss of data
h:\graphics\projects\graphics\pa5\Sphere.h(140): warning C4244: 'argument': conversion from 'double' to 'GLfloat', possible loss of data
h:\graphics\projects\graphics\pa5\Sphere.h(141): warning C4244: 'argument': conversion from 'double' to 'GLfloat', possible loss of data
h:\graphics\projects\graphics\pa5\Sphere.h(143): warning C4244: 'argument': conversion from 'double' to 'GLfloat', possible loss of data
h:\graphics\projects\graphics\pa5\Sphere.h(144): warning C4244: 'argument': conversion from 'double' to 'GLfloat', possible loss of data
h:\graphics\projects\graphics\pa5\Sphere.h(145): warning C4244: 'argument': conversion from 'double' to 'GLfloat', possible loss of data
Assignment5.cpp(98): warning C4018: '<': signed/unsigned mismatch
Assignment5.cpp(229): warning C4244: 'argument': conversion from 'double' to 'int', possible loss of data
Assignment5.cpp(279): warning C4477: 'printf' : format string '%s' requires an argument of type 'char *', but variadic argument 1 has type 'const GLUI_String'
Assignment5.cpp(275): warning C4101: 'curDirName': unreferenced local variable
Assignment5.cpp(365): warning C4244: '=': conversion from 'double' to 'int', possible loss of data
Assignment5.cpp(368): warning C4244: '=': conversion from 'double' to 'float', possible loss of data
Assignment5.cpp(369): warning C4244: '=': conversion from 'double' to 'float', possible loss of data
Assignment5.cpp(370): warning C4244: '=': conversion from 'double' to 'float', possible loss of data
Assignment5.cpp(371): warning C4244: '=': conversion from 'double' to 'float', possible loss of data
Assignment5.cpp(372): warning C4244: '=': conversion from 'double' to 'float', possible loss of data
Assignment5.cpp(373): warning C4244: '=': conversion from 'double' to 'float', possible loss of data
Assignment5.cpp(398): warning C4018: '<': signed/unsigned mismatch
Assignment5.cpp(419): warning C4018: '<': signed/unsigned mismatch
Assignment5.cpp(446): warning C4018: '<': signed/unsigned mismatch
  Generating code
  101 of 1497 functions ( 6.7%) were compiled, the rest were copied from previous compilation.
    55 functions were new in current compilation
    110 functions had inline decision re-evaluated but remain unchanged
  Finished generating code
glui32.lib(algebra3.obj) : warning LNK4099: PDB 'GLUI.pdb' was not found with 'glui32.lib(algebra3.obj)' or at 'H:\Graphics\projects\Graphics\Release\GLUI.pdb'; linking object as if no debug info
glui32.lib(arcball.obj) : warning LNK4099: PDB 'GLUI.pdb' was not found with 'glui32.lib(arcball.obj)' or at 'H:\Graphics\projects\Graphics\Release\GLUI.pdb'; linking object as if no debug info
glui32.lib(glui.obj) : warning LNK4099: PDB 'GLUI.pdb' was not found with 'glui32.lib(glui.obj)' or at 'H:\Graphics\projects\Graphics\Release\GLUI.pdb'; linking object as if no debug info
glui32.lib(glui_add_controls.obj) : warning LNK4099: PDB 'GLUI.pdb' was not found with 'glui32.lib(glui_add_controls.obj)' or at 'H:\Graphics\projects\Graphics\Release\GLUI.pdb'; linking object as if no debug info
glui32.lib(glui_bitmaps.obj) : warning LNK4099: PDB 'GLUI.pdb' was not found with 'glui32.lib(glui_bitmaps.obj)' or at 'H:\Graphics\projects\Graphics\Release\GLUI.pdb'; linking object as if no debug info
glui32.lib(glui_button.obj) : warning LNK4099: PDB 'GLUI.pdb' was not found with 'glui32.lib(glui_button.obj)' or at 'H:\Graphics\projects\Graphics\Release\GLUI.pdb'; linking object as if no debug info
glui32.lib(glui_checkbox.obj) : warning LNK4099: PDB 'GLUI.pdb' was not found with 'glui32.lib(glui_checkbox.obj)' or at 'H:\Graphics\projects\Graphics\Release\GLUI.pdb'; linking object as if no debug info
glui32.lib(glui_column.obj) : warning LNK4099: PDB 'GLUI.pdb' was not found with 'glui32.lib(glui_column.obj)' or at 'H:\Graphics\projects\Graphics\Release\GLUI.pdb'; linking object as if no debug info
glui32.lib(glui_control.obj) : warning LNK4099: PDB 'GLUI.pdb' was not found with 'glui32.lib(glui_control.obj)' or at 'H:\Graphics\projects\Graphics\Release\GLUI.pdb'; linking object as if no debug info
glui32.lib(glui_edittext.obj) : warning LNK4099: PDB 'GLUI.pdb' was not found with 'glui32.lib(glui_edittext.obj)' or at 'H:\Graphics\projects\Graphics\Release\GLUI.pdb'; linking object as if no debug info
glui32.lib(glui_listbox.obj) : warning LNK4099: PDB 'GLUI.pdb' was not found with 'glui32.lib(glui_listbox.obj)' or at 'H:\Graphics\projects\Graphics\Release\GLUI.pdb'; linking object as if no debug info
glui32.lib(glui_mouse_iaction.obj) : warning LNK4099: PDB 'GLUI.pdb' was not found with 'glui32.lib(glui_mouse_iaction.obj)' or at 'H:\Graphics\projects\Graphics\Release\GLUI.pdb'; linking object as if no debug info
glui32.lib(glui_node.obj) : warning LNK4099: PDB 'GLUI.pdb' was not found with 'glui32.lib(glui_node.obj)' or at 'H:\Graphics\projects\Graphics\Release\GLUI.pdb'; linking object as if no debug info
glui32.lib(glui_panel.obj) : warning LNK4099: PDB 'GLUI.pdb' was not found with 'glui32.lib(glui_panel.obj)' or at 'H:\Graphics\projects\Graphics\Release\GLUI.pdb'; linking object as if no debug info
glui32.lib(glui_radio.obj) : warning LNK4099: PDB 'GLUI.pdb' was not found with 'glui32.lib(glui_radio.obj)' or at 'H:\Graphics\projects\Graphics\Release\GLUI.pdb'; linking object as if no debug info
glui32.lib(glui_rollout.obj) : warning LNK4099: PDB 'GLUI.pdb' was not found with 'glui32.lib(glui_rollout.obj)' or at 'H:\Graphics\projects\Graphics\Release\GLUI.pdb'; linking object as if no debug info
glui32.lib(glui_rotation.obj) : warning LNK4099: PDB 'GLUI.pdb' was not found with 'glui32.lib(glui_rotation.obj)' or at 'H:\Graphics\projects\Graphics\Release\GLUI.pdb'; linking object as if no debug info
glui32.lib(glui_separator.obj) : warning LNK4099: PDB 'GLUI.pdb' was not found with 'glui32.lib(glui_separator.obj)' or at 'H:\Graphics\projects\Graphics\Release\GLUI.pdb'; linking object as if no debug info
glui32.lib(glui_spinner.obj) : warning LNK4099: PDB 'GLUI.pdb' was not found with 'glui32.lib(glui_spinner.obj)' or at 'H:\Graphics\projects\Graphics\Release\GLUI.pdb'; linking object as if no debug info
glui32.lib(glui_statictext.obj) : warning LNK4099: PDB 'GLUI.pdb' was not found with 'glui32.lib(glui_statictext.obj)' or at 'H:\Graphics\projects\Graphics\Release\GLUI.pdb'; linking object as if no debug info
glui32.lib(glui_translation.obj) : warning LNK4099: PDB 'GLUI.pdb' was not found with 'glui32.lib(glui_translation.obj)' or at 'H:\Graphics\projects\Graphics\Release\GLUI.pdb'; linking object as if no debug info
glui32.lib(glui_window.obj) : warning LNK4099: PDB 'GLUI.pdb' was not found with 'glui32.lib(glui_window.obj)' or at 'H:\Graphics\projects\Graphics\Release\GLUI.pdb'; linking object as if no debug info
glui32.lib(quaternion.obj) : warning LNK4099: PDB 'GLUI.pdb' was not found with 'glui32.lib(quaternion.obj)' or at 'H:\Graphics\projects\Graphics\Release\GLUI.pdb'; linking object as if no debug info
  PA5.vcxproj -> H:\Graphics\projects\Graphics\Release\PA5.exe
  PA5.vcxproj -> H:\Graphics\projects\Graphics\Release\PA5.pdb (Full PDB)
